<?xml version="1.0" encoding="UTF-8"?>
<!-- Generated by org.testng.reporters.JUnitReportReporter -->
<testsuite hostname="ESWS7992" failures="0" tests="2" name="demo.TestNGIgnoreDemo" time="0.013" errors="0" timestamp="2023-10-04T07:30:29 AEDT" skipped="0">
  <testcase classname="demo.TestNGIgnoreDemo" name="test1" time="0.011"/>
  <testcase classname="demo.TestNGIgnoreDemo" name="test2" time="0.002"/>
</testsuite> <!-- demo.TestNGIgnoreDemo -->
