<?xml version="1.0" encoding="UTF-8"?>
<!-- Generated by org.testng.reporters.JUnitReportReporter -->
<testsuite hostname="ESWS7992" failures="0" tests="3" name="demo.TestNGMultiBrowserDemo" time="17.673" errors="0" timestamp="2023-09-28T21:37:55 AEST" skipped="0">
  <testcase classname="demo.TestNGMultiBrowserDemo" name="test1" time="5.909"/>
  <testcase classname="demo.TestNGMultiBrowserDemo" name="test1" time="5.772"/>
  <testcase classname="demo.TestNGMultiBrowserDemo" name="test1" time="5.992"/>
</testsuite> <!-- demo.TestNGMultiBrowserDemo -->
