<?xml version="1.0" encoding="UTF-8"?>
<!-- Generated by org.testng.reporters.JUnitReportReporter -->
<testsuite hostname="ESWS7992" failures="0" tests="1" name="test.TestNG_Demo" time="9.508" errors="0" timestamp="2023-09-25T14:54:05 AEST" skipped="0">
  <testcase classname="test.TestNG_Demo" name="googleSearch" time="9.508"/>
</testsuite> <!-- test.TestNG_Demo -->
