<?xml version="1.0" encoding="UTF-8"?>
<!-- Generated by org.testng.reporters.JUnitReportReporter -->
<testsuite hostname="ESWS7992" failures="0" tests="3" name="demo.TestNGDependencyDemo" time="0.010" errors="0" timestamp="2023-09-29T08:50:24 AEST" skipped="0">
  <testcase classname="demo.TestNGDependencyDemo" name="test3" time="0.001"/>
  <testcase classname="demo.TestNGDependencyDemo" name="test1" time="0.001"/>
  <testcase classname="demo.TestNGDependencyDemo" name="test2" time="0.008"/>
</testsuite> <!-- demo.TestNGDependencyDemo -->
