<?xml version="1.0" encoding="UTF-8"?>
<!-- Generated by org.testng.reporters.JUnitReportReporter -->
<testsuite hostname="ESWS7992" failures="0" tests="2" name="test.TestNG_Demo2" time="10.307" errors="0" timestamp="2023-09-23T09:30:23 AEST" skipped="0">
  <testcase classname="test.TestNG_Demo2" name="googleSearch2" time="5.567"/>
  <testcase classname="test.TestNG_Demo2" name="googleSearch3" time="4.740"/>
</testsuite> <!-- test.TestNG_Demo2 -->
