<?xml version="1.0" encoding="UTF-8"?>
<!-- Generated by org.testng.reporters.JUnitReportReporter -->
<testsuite hostname="ESWS7992" failures="0" tests="1" name="demo.TestNGParamatersDemo" time="0.012" errors="0" timestamp="2023-09-29T08:20:52 AEST" skipped="0">
  <testcase classname="demo.TestNGParamatersDemo" name="test" time="0.012"/>
</testsuite> <!-- demo.TestNGParamatersDemo -->
