<?xml version="1.0" encoding="UTF-8"?>
<!-- Generated by org.testng.reporters.JUnitReportReporter -->
<testsuite hostname="ESWS7992" failures="0" tests="3" name="demo.TestNGPriorityDemo" time="0.010" errors="0" timestamp="2023-09-28T21:13:44 AEST" skipped="0">
  <testcase classname="demo.TestNGPriorityDemo" name="one" time="0.007"/>
  <testcase classname="demo.TestNGPriorityDemo" name="three" time="0.002"/>
  <testcase classname="demo.TestNGPriorityDemo" name="two" time="0.001"/>
</testsuite> <!-- demo.TestNGPriorityDemo -->
