<?xml version="1.0" encoding="UTF-8"?>
<!-- Generated by org.testng.reporters.JUnitReportReporter -->
<testsuite hostname="ESWS7992" failures="0" tests="3" name="test.ExtentReportsDemoWithTestNG" time="2.120" errors="0" timestamp="2023-09-22T08:47:48 AEST" skipped="0">
  <testcase classname="test.ExtentReportsDemoWithTestNG" name="test2" time="0.003"/>
  <testcase classname="test.ExtentReportsDemoWithTestNG" name="test3" time="2.072"/>
  <testcase classname="test.ExtentReportsDemoWithTestNG" name="test1" time="0.045"/>
</testsuite> <!-- test.ExtentReportsDemoWithTestNG -->
