<?xml version="1.0" encoding="UTF-8"?>
<!-- Generated by org.testng.reporters.JUnitReportReporter -->
<testsuite hostname="ESWS7992" failures="0" tests="3" name="utils.ExcelDataProvider" time="114.594" errors="0" timestamp="2023-09-27T09:10:34 AEST" skipped="0">
  <testcase classname="utils.ExcelDataProvider" name="test1" time="33.850"/>
  <testcase classname="utils.ExcelDataProvider" name="test1" time="45.957"/>
  <testcase classname="utils.ExcelDataProvider" name="test1" time="34.787"/>
</testsuite> <!-- utils.ExcelDataProvider -->
